2022-11-14 10:28:47.593  INFO 2568 --- [main] com.nli.probation.ProbationApplication   : Starting ProbationApplication using Java 17.0.5 on 5CD1199VWM with PID 2568 (F:\Projects\probation\build\classes\java\main started by tuanmle in F:\Projects\probation)
2022-11-14 10:28:47.601  INFO 2568 --- [main] com.nli.probation.ProbationApplication   : No active profile set, falling back to default profiles: default
2022-11-14 10:28:48.429  INFO 2568 --- [main] .s.d.r.c.RepositoryConfigurationDelegate : Bootstrapping Spring Data JPA repositories in DEFAULT mode.
2022-11-14 10:28:48.502  INFO 2568 --- [main] .s.d.r.c.RepositoryConfigurationDelegate : Finished Spring Data repository scanning in 65 ms. Found 6 JPA repository interfaces.
2022-11-14 10:28:48.978  INFO 2568 --- [main] o.s.b.w.embedded.tomcat.TomcatWebServer  : Tomcat initialized with port(s): 8080 (http)
2022-11-14 10:28:48.996  INFO 2568 --- [main] o.apache.catalina.core.StandardService   : Starting service [Tomcat]
2022-11-14 10:28:48.996  INFO 2568 --- [main] org.apache.catalina.core.StandardEngine  : Starting Servlet engine: [Apache Tomcat/9.0.45]
2022-11-14 10:28:49.138  INFO 2568 --- [main] o.a.c.c.C.[Tomcat].[localhost].[/]       : Initializing Spring embedded WebApplicationContext
2022-11-14 10:28:49.139  INFO 2568 --- [main] w.s.c.ServletWebServerApplicationContext : Root WebApplicationContext: initialization completed in 1500 ms
2022-11-14 10:28:49.312  INFO 2568 --- [main] o.hibernate.jpa.internal.util.LogHelper  : HHH000204: Processing PersistenceUnitInfo [name: default]
2022-11-14 10:28:49.389  INFO 2568 --- [main] org.hibernate.Version                    : HHH000412: Hibernate ORM core version 5.4.30.Final
2022-11-14 10:28:49.567  INFO 2568 --- [main] o.hibernate.annotations.common.Version   : HCANN000001: Hibernate Commons Annotations {5.1.2.Final}
2022-11-14 10:28:49.684  INFO 2568 --- [main] com.zaxxer.hikari.HikariDataSource       : HikariPool-1 - Starting...
2022-11-14 10:28:50.122  INFO 2568 --- [main] com.zaxxer.hikari.HikariDataSource       : HikariPool-1 - Start completed.
2022-11-14 10:28:50.155  INFO 2568 --- [main] org.hibernate.dialect.Dialect            : HHH000400: Using dialect: org.hibernate.dialect.MySQL8Dialect
2022-11-14 10:28:50.944  INFO 2568 --- [main] o.h.e.t.j.p.i.JtaPlatformInitiator       : HHH000490: Using JtaPlatform implementation: [org.hibernate.engine.transaction.jta.platform.internal.NoJtaPlatform]
2022-11-14 10:28:50.950  INFO 2568 --- [main] j.LocalContainerEntityManagerFactoryBean : Initialized JPA EntityManagerFactory for persistence unit 'default'
2022-11-14 10:28:51.508  WARN 2568 --- [main] JpaBaseConfiguration$JpaWebConfiguration : spring.jpa.open-in-view is enabled by default. Therefore, database queries may be performed during view rendering. Explicitly configure spring.jpa.open-in-view to disable this warning
2022-11-14 10:28:51.725  INFO 2568 --- [main] o.s.s.concurrent.ThreadPoolTaskExecutor  : Initializing ExecutorService 'applicationTaskExecutor'
2022-11-14 10:28:51.987  INFO 2568 --- [main] o.s.b.w.embedded.tomcat.TomcatWebServer  : Tomcat started on port(s): 8080 (http) with context path ''
2022-11-14 10:28:52.141  INFO 2568 --- [http-nio-8080-exec-1] o.a.c.c.C.[Tomcat].[localhost].[/]       : Initializing Spring DispatcherServlet 'dispatcherServlet'
2022-11-14 10:28:52.141  INFO 2568 --- [http-nio-8080-exec-1] o.s.web.servlet.DispatcherServlet        : Initializing Servlet 'dispatcherServlet'
2022-11-14 10:28:52.145  INFO 2568 --- [http-nio-8080-exec-1] o.s.web.servlet.DispatcherServlet        : Completed initialization in 4 ms
2022-11-14 10:28:52.448  INFO 2568 --- [main] com.nli.probation.ProbationApplication   : Started ProbationApplication in 5.099 seconds (JVM running for 6.57)
